<?xml version="1.0" encoding="UTF-8"?>
<!-- Generated by org.testng.reporters.JUnitReportReporter -->
<testsuite hostname="LAPTOP-OU35BQ5I" failures="0" tests="1" name="test.java.TC002_loginTest" time="32.161" errors="0" timestamp="2025-01-31T06:53:34 IST" skipped="0">
  <testcase classname="test.java.TC002_loginTest" name="verify_login" time="32.161"/>
  <system-out/>
</testsuite> <!-- test.java.TC002_loginTest -->
